m:\uni\year 2\c++\assignment1\debug\assignment1.exe
m:\uni\year 2\c++\assignment1\debug\assignment1.ilk
m:\uni\year 2\c++\assignment1\debug\assignment1.pdb
m:\uni\year 2\c++\assignment1\assignment1\debug\vc141.pdb
m:\uni\year 2\c++\assignment1\assignment1\debug\vc141.idb
m:\uni\year 2\c++\assignment1\assignment1\debug\searchcontainer.obj
m:\uni\year 2\c++\assignment1\assignment1\debug\search.obj
m:\uni\year 2\c++\assignment1\assignment1\debug\ref_image.obj
m:\uni\year 2\c++\assignment1\assignment1\debug\matrix.obj
m:\uni\year 2\c++\assignment1\assignment1\debug\large_image.obj
m:\uni\year 2\c++\assignment1\assignment1\debug\file.obj
m:\uni\year 2\c++\assignment1\assignment1\debug\base_image.obj
m:\uni\year 2\c++\assignment1\assignment1\debug\source.obj
m:\uni\year 2\c++\assignment1\assignment1\debug\image.obj
m:\uni\year 2\c++\assignment1\assignment1\debug\base.obj
m:\uni\year 2\c++\assignment1\assignment1\debug\map.obj
m:\uni\year 2\c++\assignment1\assignment1\debug\globals.obj
m:\uni\year 2\c++\assignment1\assignment1\debug\conversion.obj
e:\uni\year 2\c++\assignment1\assignment1\debug\ref_image.obj
e:\uni\year 2\c++\assignment1\assignment1\debug\large_image.obj
e:\uni\year 2\c++\assignment1\assignment1\debug\base_image.obj
e:\uni\year 2\c++\assignment1\assignment1\debug\image.obj
e:\uni\year 2\c++\assignment1\assignment1\debug\base.obj
e:\uni\year 2\c++\assignment1\assignment1\debug\map.obj
e:\uni\year 2\c++\assignment1\assignment1\debug\searchcontainer.obj
e:\uni\year 2\c++\assignment1\assignment1\debug\globals.obj
e:\uni\year 2\c++\assignment1\assignment1\debug\file.obj
e:\uni\year 2\c++\assignment1\assignment1\debug\search.obj
e:\uni\year 2\c++\assignment1\assignment1\debug\source.obj
e:\uni\year 2\c++\assignment1\assignment1\debug\matrix.obj
e:\uni\year 2\c++\assignment1\assignment1\debug\conversion.obj
e:\uni\year 2\c++\assignment1\assignment1\debug\matrix.obj.enc
e:\uni\year 2\c++\assignment1\assignment1\debug\search.obj.enc
e:\uni\year 2\c++\assignment1\assignment1\debug\vc141.idb
e:\uni\year 2\c++\assignment1\assignment1\debug\vc141.pdb
e:\uni\year 2\c++\assignment1\debug\assignment1.pdb
e:\uni\year 2\c++\assignment1\debug\assignment1.exe
e:\uni\year 2\c++\assignment1\debug\assignment1.ilk
e:\uni\year 2\c++\assignment1\assignment1\debug\assignment1.tlog\cl.command.1.tlog
e:\uni\year 2\c++\assignment1\assignment1\debug\assignment1.tlog\link.command.1.tlog
e:\uni\year 2\c++\assignment1\assignment1\debug\assignment1.tlog\link.read.1.tlog
e:\uni\year 2\c++\assignment1\assignment1\debug\assignment1.tlog\link.write.1.tlog
e:\uni\year 2\c++\assignment1\assignment1\debug\assignment1.tlog\cl.read.1.tlog
e:\uni\year 2\c++\assignment1\assignment1\debug\assignment1.tlog\cl.write.1.tlog
